<?xml version="1.0" encoding="UTF-8"?>
<testng-results skipped="0" failed="0" ignored="0" total="1" passed="1">
  <reporter-output>
  </reporter-output>
  <suite name="Default suite" duration-ms="850" started-at="2020-09-12T18:15:23 IST" finished-at="2020-09-12T18:15:24 IST">
    <groups>
    </groups>
    <test name="Default test" duration-ms="850" started-at="2020-09-12T18:15:23 IST" finished-at="2020-09-12T18:15:24 IST">
      <class name="Matcher.Excel.ExcelTest">
        <test-method status="PASS" signature="exceltest()[pri:0, instance:Matcher.Excel.ExcelTest@6321e813]" name="exceltest" duration-ms="794" started-at="2020-09-12T18:15:23 IST" finished-at="2020-09-12T18:15:24 IST">
          <reporter-output>
          </reporter-output>
        </test-method> <!-- exceltest -->
      </class> <!-- Matcher.Excel.ExcelTest -->
    </test> <!-- Default test -->
  </suite> <!-- Default suite -->
</testng-results>
